# JRE version: OpenJDK Runtime Environment Temurin-21.0.7+6 (21.0.7+6) (build 21.0.7+6-LTS)
# Java VM: OpenJDK 64-Bit Server VM Temurin-21.0.7+6 (21.0.7+6-LTS, mixed mode, sharing, tiered, compressed oops, compressed class ptrs, parallel gc, windows-amd64)
GC Precious Log:
 CardTable entry size: 512
 CPUs: 2 total, 2 available
 Memory: 4007M
 Large Page Support: Disabled
 NUMA Support: Disabled
 Compressed Oops: Enabled (32-bit)
 Alignments: Space 512K, Generation 512K, Heap 2M
 Heap Min Capacity: 100M
 Heap Initial Capacity: 100M
 Heap Max Capacity: 1G
 Pre-touch: Disabled
 Parallel Workers: 2
Heap:
 PSYoungGen      total 22528K, used 11827K [0x00000000eab00000, 0x00000000ec280000, 0x0000000100000000)
  eden space 21504K, 51% used [0x00000000eab00000,0x00000000eb5d01e0,0x00000000ec000000)
  from space 1024K, 73% used [0x00000000ec100000,0x00000000ec1bcc50,0x00000000ec200000)
  to   space 512K, 0% used [0x00000000ec200000,0x00000000ec200000,0x00000000ec280000)
 ParOldGen       total 68608K, used 29150K [0x00000000c0000000, 0x00000000c4300000, 0x00000000eab00000)
  object space 68608K, 42% used [0x00000000c0000000,0x00000000c1c77a78,0x00000000c4300000)
 Metaspace       used 40669K, committed 41664K, reserved 1114112K
  class space    used 3963K, committed 4416K, reserved 1048576K
GC Heap History (20 events):
Event: 110.312 GC heap before
{Heap before GC invocations=14 (full 1):
 PSYoungGen      total 23552K, used 23522K [0x00000000eab00000, 0x00000000eca80000, 0x0000000100000000)
  eden space 21504K, 100% used [0x00000000eab00000,0x00000000ec000000,0x00000000ec000000)
  from space 2048K, 98% used [0x00000000ec500000,0x00000000ec6f8810,0x00000000ec700000)
  to   space 5120K, 0% used [0x00000000ec000000,0x00000000ec000000,0x00000000ec500000)
 ParOldGen       total 68608K, used 18662K [0x00000000c0000000, 0x00000000c4300000, 0x00000000eab00000)
  object space 68608K, 27% used [0x00000000c0000000,0x00000000c1239b28,0x00000000c4300000)
 Metaspace       used 32166K, committed 33088K, reserved 1114112K
  class space    used 3160K, committed 3584K, reserved 1048576K
}
Event: 110.322 GC heap after
{Heap after GC invocations=14 (full 1):
 PSYoungGen      total 23552K, used 2016K [0x00000000eab00000, 0x00000000ec600000, 0x0000000100000000)
  eden space 21504K, 0% used [0x00000000eab00000,0x00000000eab00000,0x00000000ec000000)
  from space 2048K, 98% used [0x00000000ec000000,0x00000000ec1f8000,0x00000000ec200000)
  to   space 3072K, 0% used [0x00000000ec300000,0x00000000ec300000,0x00000000ec600000)
 ParOldGen       total 68608K, used 20621K [0x00000000c0000000, 0x00000000c4300000, 0x00000000eab00000)
  object space 68608K, 30% used [0x00000000c0000000,0x00000000c14234b0,0x00000000c4300000)
 Metaspace       used 32166K, committed 33088K, reserved 1114112K
  class space    used 3160K, committed 3584K, reserved 1048576K
}
Event: 110.596 GC heap before
{Heap before GC invocations=15 (full 1):
 PSYoungGen      total 23552K, used 23520K [0x00000000eab00000, 0x00000000ec600000, 0x0000000100000000)
  eden space 21504K, 100% used [0x00000000eab00000,0x00000000ec000000,0x00000000ec000000)
  from space 2048K, 98% used [0x00000000ec000000,0x00000000ec1f8000,0x00000000ec200000)
  to   space 3072K, 0% used [0x00000000ec300000,0x00000000ec300000,0x00000000ec600000)
 ParOldGen       total 68608K, used 20621K [0x00000000c0000000, 0x00000000c4300000, 0x00000000eab00000)
  object space 68608K, 30% used [0x00000000c0000000,0x00000000c14234b0,0x00000000c4300000)
 Metaspace       used 32173K, committed 33088K, reserved 1114112K
  class space    used 3160K, committed 3584K, reserved 1048576K
}
Event: 110.608 GC heap after
{Heap after GC invocations=15 (full 1):
 PSYoungGen      total 24064K, used 2052K [0x00000000eab00000, 0x00000000ec580000, 0x0000000100000000)
  eden space 21504K, 0% used [0x00000000eab00000,0x00000000eab00000,0x00000000ec000000)
  from space 2560K, 80% used [0x00000000ec300000,0x00000000ec501000,0x00000000ec580000)
  to   space 2560K, 0% used [0x00000000ec080000,0x00000000ec080000,0x00000000ec300000)
 ParOldGen       total 68608K, used 22547K [0x00000000c0000000, 0x00000000c4300000, 0x00000000eab00000)
  object space 68608K, 32% used [0x00000000c0000000,0x00000000c1604e58,0x00000000c4300000)
 Metaspace       used 32173K, committed 33088K, reserved 1114112K
  class space    used 3160K, committed 3584K, reserved 1048576K
}
Event: 111.108 GC heap before
{Heap before GC invocations=16 (full 1):
 PSYoungGen      total 24064K, used 23556K [0x00000000eab00000, 0x00000000ec580000, 0x0000000100000000)
  eden space 21504K, 100% used [0x00000000eab00000,0x00000000ec000000,0x00000000ec000000)
  from space 2560K, 80% used [0x00000000ec300000,0x00000000ec501000,0x00000000ec580000)
  to   space 2560K, 0% used [0x00000000ec080000,0x00000000ec080000,0x00000000ec300000)
 ParOldGen       total 68608K, used 22547K [0x00000000c0000000, 0x00000000c4300000, 0x00000000eab00000)
  object space 68608K, 32% used [0x00000000c0000000,0x00000000c1604e58,0x00000000c4300000)
 Metaspace       used 32301K, committed 33216K, reserved 1114112K
  class space    used 3163K, committed 3584K, reserved 1048576K
}
Event: 111.118 GC heap after
{Heap after GC invocations=16 (full 1):
 PSYoungGen      total 24064K, used 2144K [0x00000000eab00000, 0x00000000ec500000, 0x0000000100000000)
  eden space 21504K, 0% used [0x00000000eab00000,0x00000000eab00000,0x00000000ec000000)
  from space 2560K, 83% used [0x00000000ec080000,0x00000000ec298010,0x00000000ec300000)
  to   space 2048K, 0% used [0x00000000ec300000,0x00000000ec300000,0x00000000ec500000)
 ParOldGen       total 68608K, used 24529K [0x00000000c0000000, 0x00000000c4300000, 0x00000000eab00000)
  object space 68608K, 35% used [0x00000000c0000000,0x00000000c17f4670,0x00000000c4300000)
 Metaspace       used 32301K, committed 33216K, reserved 1114112K
  class space    used 3163K, committed 3584K, reserved 1048576K
}
Event: 111.362 GC heap before
{Heap before GC invocations=17 (full 1):
 PSYoungGen      total 24064K, used 23648K [0x00000000eab00000, 0x00000000ec500000, 0x0000000100000000)
  eden space 21504K, 100% used [0x00000000eab00000,0x00000000ec000000,0x00000000ec000000)
  from space 2560K, 83% used [0x00000000ec080000,0x00000000ec298010,0x00000000ec300000)
  to   space 2048K, 0% used [0x00000000ec300000,0x00000000ec300000,0x00000000ec500000)
 ParOldGen       total 68608K, used 24529K [0x00000000c0000000, 0x00000000c4300000, 0x00000000eab00000)
  object space 68608K, 35% used [0x00000000c0000000,0x00000000c17f4670,0x00000000c4300000)
 Metaspace       used 32394K, committed 33344K, reserved 1114112K
  class space    used 3164K, committed 3584K, reserved 1048576K
}
Event: 111.370 GC heap after
{Heap after GC invocations=17 (full 1):
 PSYoungGen      total 23552K, used 1848K [0x00000000eab00000, 0x00000000ec500000, 0x0000000100000000)
  eden space 21504K, 0% used [0x00000000eab00000,0x00000000eab00000,0x00000000ec000000)
  from space 2048K, 90% used [0x00000000ec300000,0x00000000ec4ce200,0x00000000ec500000)
  to   space 2048K, 0% used [0x00000000ec100000,0x00000000ec100000,0x00000000ec300000)
 ParOldGen       total 68608K, used 26647K [0x00000000c0000000, 0x00000000c4300000, 0x00000000eab00000)
  object space 68608K, 38% used [0x00000000c0000000,0x00000000c1a05d98,0x00000000c4300000)
 Metaspace       used 32394K, committed 33344K, reserved 1114112K
  class space    used 3164K, committed 3584K, reserved 1048576K
}
Event: 115.495 GC heap before
{Heap before GC invocations=18 (full 1):
 PSYoungGen      total 23552K, used 23352K [0x00000000eab00000, 0x00000000ec500000, 0x0000000100000000)
  eden space 21504K, 100% used [0x00000000eab00000,0x00000000ec000000,0x00000000ec000000)
  from space 2048K, 90% used [0x00000000ec300000,0x00000000ec4ce200,0x00000000ec500000)
  to   space 2048K, 0% used [0x00000000ec100000,0x00000000ec100000,0x00000000ec300000)
 ParOldGen       total 68608K, used 26647K [0x00000000c0000000, 0x00000000c4300000, 0x00000000eab00000)
  object space 68608K, 38% used [0x00000000c0000000,0x00000000c1a05d98,0x00000000c4300000)
 Metaspace       used 34250K, committed 35200K, reserved 1114112K
  class space    used 3400K, committed 3840K, reserved 1048576K
}
Event: 115.502 GC heap after
{Heap after GC invocations=18 (full 1):
 PSYoungGen      total 23040K, used 1108K [0x00000000eab00000, 0x00000000ec380000, 0x0000000100000000)
  eden space 21504K, 0% used [0x00000000eab00000,0x00000000eab00000,0x00000000ec000000)
  from space 1536K, 72% used [0x00000000ec100000,0x00000000ec2153c8,0x00000000ec280000)
  to   space 1024K, 0% used [0x00000000ec280000,0x00000000ec280000,0x00000000ec380000)
 ParOldGen       total 68608K, used 28471K [0x00000000c0000000, 0x00000000c4300000, 0x00000000eab00000)
  object space 68608K, 41% used [0x00000000c0000000,0x00000000c1bcdf98,0x00000000c4300000)
 Metaspace       used 34250K, committed 35200K, reserved 1114112K
  class space    used 3400K, committed 3840K, reserved 1048576K
}
Event: 120.329 GC heap before
{Heap before GC invocations=19 (full 1):
 PSYoungGen      total 23040K, used 17289K [0x00000000eab00000, 0x00000000ec380000, 0x0000000100000000)
  eden space 21504K, 75% used [0x00000000eab00000,0x00000000ebacd408,0x00000000ec000000)
  from space 1536K, 72% used [0x00000000ec100000,0x00000000ec2153c8,0x00000000ec280000)
  to   space 1024K, 0% used [0x00000000ec280000,0x00000000ec280000,0x00000000ec380000)
 ParOldGen       total 68608K, used 28471K [0x00000000c0000000, 0x00000000c4300000, 0x00000000eab00000)
  object space 68608K, 41% used [0x00000000c0000000,0x00000000c1bcdf98,0x00000000c4300000)
 Metaspace       used 34956K, committed 35840K, reserved 1114112K
  class space    used 3488K, committed 3904K, reserved 1048576K
}
Event: 120.334 GC heap after
{Heap after GC invocations=19 (full 1):
 PSYoungGen      total 22016K, used 320K [0x00000000eab00000, 0x00000000ec300000, 0x0000000100000000)
  eden space 21504K, 0% used [0x00000000eab00000,0x00000000eab00000,0x00000000ec000000)
  from space 512K, 62% used [0x00000000ec280000,0x00000000ec2d0010,0x00000000ec300000)
  to   space 1024K, 0% used [0x00000000ec100000,0x00000000ec100000,0x00000000ec200000)
 ParOldGen       total 68608K, used 29532K [0x00000000c0000000, 0x00000000c4300000, 0x00000000eab00000)
  object space 68608K, 43% used [0x00000000c0000000,0x00000000c1cd7168,0x00000000c4300000)
 Metaspace       used 34956K, committed 35840K, reserved 1114112K
  class space    used 3488K, committed 3904K, reserved 1048576K
}
Event: 120.334 GC heap before
{Heap before GC invocations=20 (full 2):
 PSYoungGen      total 22016K, used 320K [0x00000000eab00000, 0x00000000ec300000, 0x0000000100000000)
  eden space 21504K, 0% used [0x00000000eab00000,0x00000000eab00000,0x00000000ec000000)
  from space 512K, 62% used [0x00000000ec280000,0x00000000ec2d0010,0x00000000ec300000)
  to   space 1024K, 0% used [0x00000000ec100000,0x00000000ec100000,0x00000000ec200000)
 ParOldGen       total 68608K, used 29532K [0x00000000c0000000, 0x00000000c4300000, 0x00000000eab00000)
  object space 68608K, 43% used [0x00000000c0000000,0x00000000c1cd7168,0x00000000c4300000)
 Metaspace       used 34956K, committed 35840K, reserved 1114112K
  class space    used 3488K, committed 3904K, reserved 1048576K
}
Event: 120.552 GC heap after
{Heap after GC invocations=20 (full 2):
 PSYoungGen      total 22016K, used 0K [0x00000000eab00000, 0x00000000ec300000, 0x0000000100000000)
  eden space 21504K, 0% used [0x00000000eab00000,0x00000000eab00000,0x00000000ec000000)
  from space 512K, 0% used [0x00000000ec280000,0x00000000ec280000,0x00000000ec300000)
  to   space 1024K, 0% used [0x00000000ec100000,0x00000000ec100000,0x00000000ec200000)
 ParOldGen       total 68608K, used 28223K [0x00000000c0000000, 0x00000000c4300000, 0x00000000eab00000)
  object space 68608K, 41% used [0x00000000c0000000,0x00000000c1b8fd48,0x00000000c4300000)
 Metaspace       used 34943K, committed 35840K, reserved 1114112K
  class space    used 3484K, committed 3904K, reserved 1048576K
}
Event: 126.384 GC heap before
{Heap before GC invocations=21 (full 2):
 PSYoungGen      total 22016K, used 21504K [0x00000000eab00000, 0x00000000ec300000, 0x0000000100000000)
  eden space 21504K, 100% used [0x00000000eab00000,0x00000000ec000000,0x00000000ec000000)
  from space 512K, 0% used [0x00000000ec280000,0x00000000ec280000,0x00000000ec300000)
  to   space 1024K, 0% used [0x00000000ec100000,0x00000000ec100000,0x00000000ec200000)
 ParOldGen       total 68608K, used 28223K [0x00000000c0000000, 0x00000000c4300000, 0x00000000eab00000)
  object space 68608K, 41% used [0x00000000c0000000,0x00000000c1b8fd48,0x00000000c4300000)
 Metaspace       used 36003K, committed 36864K, reserved 1114112K
  class space    used 3579K, committed 3968K, reserved 1048576K
}
Event: 126.387 GC heap after
{Heap after GC invocations=21 (full 2):
 PSYoungGen      total 22528K, used 1008K [0x00000000eab00000, 0x00000000ec300000, 0x0000000100000000)
  eden space 21504K, 0% used [0x00000000eab00000,0x00000000eab00000,0x00000000ec000000)
  from space 1024K, 98% used [0x00000000ec100000,0x00000000ec1fc3f0,0x00000000ec200000)
  to   space 1024K, 0% used [0x00000000ec200000,0x00000000ec200000,0x00000000ec300000)
 ParOldGen       total 68608K, used 28444K [0x00000000c0000000, 0x00000000c4300000, 0x00000000eab00000)
  object space 68608K, 41% used [0x00000000c0000000,0x00000000c1bc7178,0x00000000c4300000)
 Metaspace       used 36003K, committed 36864K, reserved 1114112K
  class space    used 3579K, committed 3968K, reserved 1048576K
}
Event: 127.354 GC heap before
{Heap before GC invocations=22 (full 2):
 PSYoungGen      total 22528K, used 22512K [0x00000000eab00000, 0x00000000ec300000, 0x0000000100000000)
  eden space 21504K, 100% used [0x00000000eab00000,0x00000000ec000000,0x00000000ec000000)
  from space 1024K, 98% used [0x00000000ec100000,0x00000000ec1fc3f0,0x00000000ec200000)
  to   space 1024K, 0% used [0x00000000ec200000,0x00000000ec200000,0x00000000ec300000)
 ParOldGen       total 68608K, used 28444K [0x00000000c0000000, 0x00000000c4300000, 0x00000000eab00000)
  object space 68608K, 41% used [0x00000000c0000000,0x00000000c1bc7178,0x00000000c4300000)
 Metaspace       used 36016K, committed 36864K, reserved 1114112K
  class space    used 3579K, committed 3968K, reserved 1048576K
}
Event: 127.357 GC heap after
{Heap after GC invocations=22 (full 2):
 PSYoungGen      total 22528K, used 585K [0x00000000eab00000, 0x00000000ec300000, 0x0000000100000000)
  eden space 21504K, 0% used [0x00000000eab00000,0x00000000eab00000,0x00000000ec000000)
  from space 1024K, 57% used [0x00000000ec200000,0x00000000ec292548,0x00000000ec300000)
  to   space 1024K, 0% used [0x00000000ec100000,0x00000000ec100000,0x00000000ec200000)
 ParOldGen       total 68608K, used 29129K [0x00000000c0000000, 0x00000000c4300000, 0x00000000eab00000)
  object space 68608K, 42% used [0x00000000c0000000,0x00000000c1c724b8,0x00000000c4300000)
 Metaspace       used 36016K, committed 36864K, reserved 1114112K
  class space    used 3579K, committed 3968K, reserved 1048576K
}
Event: 133.590 GC heap before
{Heap before GC invocations=23 (full 2):
 PSYoungGen      total 22528K, used 22077K [0x00000000eab00000, 0x00000000ec300000, 0x0000000100000000)
  eden space 21504K, 99% used [0x00000000eab00000,0x00000000ebffcf38,0x00000000ec000000)
  from space 1024K, 57% used [0x00000000ec200000,0x00000000ec292548,0x00000000ec300000)
  to   space 1024K, 0% used [0x00000000ec100000,0x00000000ec100000,0x00000000ec200000)
 ParOldGen       total 68608K, used 29142K [0x00000000c0000000, 0x00000000c4300000, 0x00000000eab00000)
  object space 68608K, 42% used [0x00000000c0000000,0x00000000c1c75a78,0x00000000c4300000)
 Metaspace       used 39252K, committed 40192K, reserved 1114112K
  class space    used 3827K, committed 4288K, reserved 1048576K
}
Event: 133.592 GC heap after
{Heap after GC invocations=23 (full 2):
 PSYoungGen      total 22528K, used 755K [0x00000000eab00000, 0x00000000ec280000, 0x0000000100000000)
  eden space 21504K, 0% used [0x00000000eab00000,0x00000000eab00000,0x00000000ec000000)
  from space 1024K, 73% used [0x00000000ec100000,0x00000000ec1bcc50,0x00000000ec200000)
  to   space 512K, 0% used [0x00000000ec200000,0x00000000ec200000,0x00000000ec280000)
 ParOldGen       total 68608K, used 29150K [0x00000000c0000000, 0x00000000c4300000, 0x00000000eab00000)
  object space 68608K, 42% used [0x00000000c0000000,0x00000000c1c77a78,0x00000000c4300000)
 Metaspace       used 39252K, committed 40192K, reserved 1114112K
  class space    used 3827K, committed 4288K, reserved 1048576K
}

